<?xml version="1.0" encoding="UTF-8"?>
<coverage generated="1542931643992" clover="3.2.0">
  <project timestamp="1542931643992" name="All files">
    <metrics statements="13" coveredstatements="13" conditionals="2" coveredconditionals="2" methods="6" coveredmethods="6" elements="21" coveredelements="21" complexity="0" loc="13" ncloc="13" packages="1" files="5" classes="5">
      <file name="DefaultTerminator.js" path="/Users/dmaldonado/www/cosa/src/DefaultTerminator.js">
        <metrics statements="1" coveredstatements="1" conditionals="0" coveredconditionals="0" methods="0" coveredmethods="0"/>
        <line num="5" count="1" type="stmt"/>
      </file>
      <file name="FactoryBaseOnLambda.js" path="/Users/dmaldonado/www/cosa/src/FactoryBaseOnLambda.js">
        <metrics statements="7" coveredstatements="7" conditionals="2" coveredconditionals="2" methods="4" coveredmethods="4"/>
        <line num="4" count="1" type="stmt"/>
        <line num="5" count="1" type="stmt"/>
        <line num="8" count="2" type="stmt"/>
        <line num="14" count="3" type="stmt"/>
        <line num="15" count="3" type="stmt"/>
        <line num="17" count="3" type="cond" truecount="2" falsecount="0"/>
        <line num="21" count="1" type="stmt"/>
      </file>
      <file name="FinderArgs.js" path="/Users/dmaldonado/www/cosa/src/FinderArgs.js">
        <metrics statements="3" coveredstatements="3" conditionals="0" coveredconditionals="0" methods="2" coveredmethods="2"/>
        <line num="3" count="3" type="stmt"/>
        <line num="6" count="3" type="stmt"/>
        <line num="10" count="1" type="stmt"/>
      </file>
      <file name="T1000.js" path="/Users/dmaldonado/www/cosa/src/T1000.js">
        <metrics statements="1" coveredstatements="1" conditionals="0" coveredconditionals="0" methods="0" coveredmethods="0"/>
        <line num="3" count="1" type="stmt"/>
      </file>
      <file name="T2000.js" path="/Users/dmaldonado/www/cosa/src/T2000.js">
        <metrics statements="1" coveredstatements="1" conditionals="0" coveredconditionals="0" methods="0" coveredmethods="0"/>
        <line num="3" count="1" type="stmt"/>
      </file>
    </metrics>
  </project>
</coverage>
