{"/Users/dmaldonado/www/cosa/src/DefaultTerminator.js": {"path":"/Users/dmaldonado/www/cosa/src/DefaultTerminator.js","statementMap":{"0":{"start":{"line":5,"column":0},"end":{"line":5,"column":34}}},"fnMap":{},"branchMap":{},"s":{"0":1},"f":{},"b":{},"_coverageSchema":"332fd63041d2c1bcb487cc26dd0d5f7d97098a6c","hash":"955c290659365d44e682b2d3bc07e76c5434ed6a"}
,"/Users/dmaldonado/www/cosa/src/FactoryBaseOnLambda.js": {"path":"/Users/dmaldonado/www/cosa/src/FactoryBaseOnLambda.js","statementMap":{"0":{"start":{"line":1,"column":19},"end":{"line":1,"column":42}},"1":{"start":{"line":6,"column":8},"end":{"line":6,"column":32}},"2":{"start":{"line":7,"column":8},"end":{"line":7,"column":28}},"3":{"start":{"line":10,"column":8},"end":{"line":12,"column":9}},"4":{"start":{"line":15,"column":23},"end":{"line":16,"column":36}},"5":{"start":{"line":16,"column":23},"end":{"line":16,"column":35}},"6":{"start":{"line":18,"column":8},"end":{"line":18,"column":58}},"7":{"start":{"line":22,"column":0},"end":{"line":22,"column":36}}},"fnMap":{"0":{"name":"(anonymous_0)","decl":{"start":{"line":5,"column":4},"end":{"line":5,"column":5}},"loc":{"start":{"line":5,"column":26},"end":{"line":8,"column":5}},"line":5},"1":{"name":"(anonymous_1)","decl":{"start":{"line":9,"column":4},"end":{"line":9,"column":5}},"loc":{"start":{"line":9,"column":27},"end":{"line":13,"column":5}},"line":9},"2":{"name":"(anonymous_2)","decl":{"start":{"line":14,"column":4},"end":{"line":14,"column":5}},"loc":{"start":{"line":14,"column":16},"end":{"line":19,"column":5}},"line":14},"3":{"name":"(anonymous_3)","decl":{"start":{"line":16,"column":18},"end":{"line":16,"column":19}},"loc":{"start":{"line":16,"column":23},"end":{"line":16,"column":35}},"line":16}},"branchMap":{"0":{"loc":{"start":{"line":18,"column":15},"end":{"line":18,"column":58}},"type":"cond-expr","locations":[{"start":{"line":18,"column":24},"end":{"line":18,"column":42}},{"start":{"line":18,"column":45},"end":{"line":18,"column":58}}],"line":18}},"s":{"0":1,"1":1,"2":1,"3":2,"4":3,"5":3,"6":3,"7":1},"f":{"0":1,"1":2,"2":3,"3":3},"b":{"0":[2,1]},"_coverageSchema":"332fd63041d2c1bcb487cc26dd0d5f7d97098a6c","hash":"b017aacd0976f234c6addf195c0a016c816126ec"}
,"/Users/dmaldonado/www/cosa/src/T1000.js": {"path":"/Users/dmaldonado/www/cosa/src/T1000.js","statementMap":{"0":{"start":{"line":3,"column":0},"end":{"line":3,"column":22}}},"fnMap":{},"branchMap":{},"s":{"0":1},"f":{},"b":{},"_coverageSchema":"332fd63041d2c1bcb487cc26dd0d5f7d97098a6c","hash":"e6bfeb798801001de772eca269b64307c6381505"}
,"/Users/dmaldonado/www/cosa/src/T2000.js": {"path":"/Users/dmaldonado/www/cosa/src/T2000.js","statementMap":{"0":{"start":{"line":3,"column":0},"end":{"line":3,"column":22}}},"fnMap":{},"branchMap":{},"s":{"0":1},"f":{},"b":{},"_coverageSchema":"332fd63041d2c1bcb487cc26dd0d5f7d97098a6c","hash":"4f2541155ceaa58b1ad1df89bd54a7ffc01fa7b1"}
,"/Users/dmaldonado/www/cosa/src/posibility.js": {"path":"/Users/dmaldonado/www/cosa/src/posibility.js","statementMap":{"0":{"start":{"line":1,"column":19},"end":{"line":6,"column":1}},"1":{"start":{"line":2,"column":4},"end":{"line":5,"column":5}},"2":{"start":{"line":8,"column":0},"end":{"line":8,"column":27}}},"fnMap":{"0":{"name":"(anonymous_0)","decl":{"start":{"line":1,"column":19},"end":{"line":1,"column":20}},"loc":{"start":{"line":1,"column":43},"end":{"line":6,"column":1}},"line":1}},"branchMap":{},"s":{"0":1,"1":2,"2":1},"f":{"0":2},"b":{},"_coverageSchema":"332fd63041d2c1bcb487cc26dd0d5f7d97098a6c","hash":"435151797a0f16925d533a1b44b3c910a5cb4f15"}
}
