{"/Users/dmaldonado/www/cosa/src/DefaultTerminator.js": {"path":"/Users/dmaldonado/www/cosa/src/DefaultTerminator.js","statementMap":{"0":{"start":{"line":5,"column":0},"end":{"line":5,"column":34}}},"fnMap":{},"branchMap":{},"s":{"0":1},"f":{},"b":{},"_coverageSchema":"332fd63041d2c1bcb487cc26dd0d5f7d97098a6c","hash":"955c290659365d44e682b2d3bc07e76c5434ed6a"}
,"/Users/dmaldonado/www/cosa/src/FactoryBaseOnLambda.js": {"path":"/Users/dmaldonado/www/cosa/src/FactoryBaseOnLambda.js","statementMap":{"0":{"start":{"line":4,"column":8},"end":{"line":4,"column":40}},"1":{"start":{"line":5,"column":8},"end":{"line":5,"column":30}},"2":{"start":{"line":8,"column":8},"end":{"line":11,"column":10}},"3":{"start":{"line":14,"column":27},"end":{"line":15,"column":54}},"4":{"start":{"line":15,"column":30},"end":{"line":15,"column":53}},"5":{"start":{"line":17,"column":8},"end":{"line":17,"column":65}},"6":{"start":{"line":21,"column":0},"end":{"line":21,"column":36}}},"fnMap":{"0":{"name":"(anonymous_0)","decl":{"start":{"line":3,"column":4},"end":{"line":3,"column":5}},"loc":{"start":{"line":3,"column":30},"end":{"line":6,"column":5}},"line":3},"1":{"name":"(anonymous_1)","decl":{"start":{"line":7,"column":4},"end":{"line":7,"column":5}},"loc":{"start":{"line":7,"column":22},"end":{"line":12,"column":5}},"line":7},"2":{"name":"(anonymous_2)","decl":{"start":{"line":13,"column":4},"end":{"line":13,"column":5}},"loc":{"start":{"line":13,"column":30},"end":{"line":18,"column":5}},"line":13},"3":{"name":"(anonymous_3)","decl":{"start":{"line":15,"column":18},"end":{"line":15,"column":19}},"loc":{"start":{"line":15,"column":30},"end":{"line":15,"column":53}},"line":15}},"branchMap":{"0":{"loc":{"start":{"line":17,"column":15},"end":{"line":17,"column":65}},"type":"cond-expr","locations":[{"start":{"line":17,"column":28},"end":{"line":17,"column":45}},{"start":{"line":17,"column":48},"end":{"line":17,"column":65}}],"line":17}},"s":{"0":1,"1":1,"2":3,"3":4,"4":6,"5":4,"6":1},"f":{"0":1,"1":3,"2":4,"3":6},"b":{"0":[3,1]},"_coverageSchema":"332fd63041d2c1bcb487cc26dd0d5f7d97098a6c","hash":"0135580160a4dffe1499720e4c6a6b21d66da29c"}
,"/Users/dmaldonado/www/cosa/src/JohnConnor.js": {"path":"/Users/dmaldonado/www/cosa/src/JohnConnor.js","statementMap":{"0":{"start":{"line":3,"column":0},"end":{"line":3,"column":27}}},"fnMap":{},"branchMap":{},"s":{"0":1},"f":{},"b":{},"_coverageSchema":"332fd63041d2c1bcb487cc26dd0d5f7d97098a6c","hash":"1bb18ba61a8c54d7f616c56ab94a551f41dcb63b"}
,"/Users/dmaldonado/www/cosa/src/T1000.js": {"path":"/Users/dmaldonado/www/cosa/src/T1000.js","statementMap":{"0":{"start":{"line":3,"column":0},"end":{"line":3,"column":22}}},"fnMap":{},"branchMap":{},"s":{"0":1},"f":{},"b":{},"_coverageSchema":"332fd63041d2c1bcb487cc26dd0d5f7d97098a6c","hash":"e6bfeb798801001de772eca269b64307c6381505"}
,"/Users/dmaldonado/www/cosa/src/T2000.js": {"path":"/Users/dmaldonado/www/cosa/src/T2000.js","statementMap":{"0":{"start":{"line":3,"column":0},"end":{"line":3,"column":22}}},"fnMap":{},"branchMap":{},"s":{"0":1},"f":{},"b":{},"_coverageSchema":"332fd63041d2c1bcb487cc26dd0d5f7d97098a6c","hash":"4f2541155ceaa58b1ad1df89bd54a7ffc01fa7b1"}
,"/Users/dmaldonado/www/cosa/src/TestEqualsArg.js": {"path":"/Users/dmaldonado/www/cosa/src/TestEqualsArg.js","statementMap":{"0":{"start":{"line":3,"column":8},"end":{"line":3,"column":26}},"1":{"start":{"line":6,"column":8},"end":{"line":6,"column":31}},"2":{"start":{"line":10,"column":0},"end":{"line":10,"column":30}}},"fnMap":{"0":{"name":"(anonymous_0)","decl":{"start":{"line":2,"column":4},"end":{"line":2,"column":5}},"loc":{"start":{"line":2,"column":23},"end":{"line":4,"column":5}},"line":2},"1":{"name":"(anonymous_1)","decl":{"start":{"line":5,"column":4},"end":{"line":5,"column":5}},"loc":{"start":{"line":5,"column":12},"end":{"line":7,"column":5}},"line":5}},"branchMap":{},"s":{"0":3,"1":3,"2":1},"f":{"0":3,"1":3},"b":{},"_coverageSchema":"332fd63041d2c1bcb487cc26dd0d5f7d97098a6c","hash":"6d1913c8c24c26d4441b253f512308045ad6391c"}
,"/Users/dmaldonado/www/cosa/src/TestNameArg.js": {"path":"/Users/dmaldonado/www/cosa/src/TestNameArg.js","statementMap":{"0":{"start":{"line":3,"column":8},"end":{"line":3,"column":22}},"1":{"start":{"line":6,"column":8},"end":{"line":6,"column":37}},"2":{"start":{"line":9,"column":0},"end":{"line":9,"column":28}}},"fnMap":{"0":{"name":"(anonymous_0)","decl":{"start":{"line":2,"column":4},"end":{"line":2,"column":5}},"loc":{"start":{"line":2,"column":21},"end":{"line":4,"column":5}},"line":2},"1":{"name":"(anonymous_1)","decl":{"start":{"line":5,"column":4},"end":{"line":5,"column":5}},"loc":{"start":{"line":5,"column":15},"end":{"line":7,"column":5}},"line":5}},"branchMap":{},"s":{"0":1,"1":3,"2":1},"f":{"0":1,"1":3},"b":{},"_coverageSchema":"332fd63041d2c1bcb487cc26dd0d5f7d97098a6c","hash":"6c89207f498555f65d95da452a747ffea4692867"}
}
