TN:
SF:/Users/dmaldonado/www/cosa/src/DefaultTerminator.js
FNF:0
FNH:0
DA:5,1
LF:1
LH:1
BRF:0
BRH:0
end_of_record
TN:
SF:/Users/dmaldonado/www/cosa/src/FactoryBaseOnLambda.js
FN:5,(anonymous_0)
FN:9,(anonymous_1)
FN:14,(anonymous_2)
FN:16,(anonymous_3)
FNF:4
FNH:4
FNDA:1,(anonymous_0)
FNDA:2,(anonymous_1)
FNDA:3,(anonymous_2)
FNDA:3,(anonymous_3)
DA:1,1
DA:6,1
DA:7,1
DA:10,2
DA:15,3
DA:16,3
DA:18,3
DA:22,1
LF:8
LH:8
BRDA:18,0,0,2
BRDA:18,0,1,1
BRF:2
BRH:2
end_of_record
TN:
SF:/Users/dmaldonado/www/cosa/src/T1000.js
FNF:0
FNH:0
DA:3,1
LF:1
LH:1
BRF:0
BRH:0
end_of_record
TN:
SF:/Users/dmaldonado/www/cosa/src/T2000.js
FNF:0
FNH:0
DA:3,1
LF:1
LH:1
BRF:0
BRH:0
end_of_record
TN:
SF:/Users/dmaldonado/www/cosa/src/posibility.js
FN:1,(anonymous_0)
FNF:1
FNH:1
FNDA:2,(anonymous_0)
DA:1,1
DA:2,2
DA:8,1
LF:3
LH:3
BRF:0
BRH:0
end_of_record
