TN:
SF:/Users/dmaldonado/www/cosa/src/DefaultTerminator.js
FNF:0
FNH:0
DA:5,1
LF:1
LH:1
BRF:0
BRH:0
end_of_record
TN:
SF:/Users/dmaldonado/www/cosa/src/FactoryBaseOnLambda.js
FN:3,(anonymous_0)
FN:7,(anonymous_1)
FN:13,(anonymous_2)
FN:15,(anonymous_3)
FNF:4
FNH:4
FNDA:1,(anonymous_0)
FNDA:2,(anonymous_1)
FNDA:3,(anonymous_2)
FNDA:3,(anonymous_3)
DA:4,1
DA:5,1
DA:8,2
DA:14,3
DA:15,3
DA:17,3
DA:21,1
LF:7
LH:7
BRDA:17,0,0,2
BRDA:17,0,1,1
BRF:2
BRH:2
end_of_record
TN:
SF:/Users/dmaldonado/www/cosa/src/FinderArgs.js
FN:2,(anonymous_0)
FN:5,(anonymous_1)
FNF:2
FNH:2
FNDA:3,(anonymous_0)
FNDA:3,(anonymous_1)
DA:3,3
DA:6,3
DA:10,1
LF:3
LH:3
BRF:0
BRH:0
end_of_record
TN:
SF:/Users/dmaldonado/www/cosa/src/T1000.js
FNF:0
FNH:0
DA:3,1
LF:1
LH:1
BRF:0
BRH:0
end_of_record
TN:
SF:/Users/dmaldonado/www/cosa/src/T2000.js
FNF:0
FNH:0
DA:3,1
LF:1
LH:1
BRF:0
BRH:0
end_of_record
